{"/home/tulio/Documents/Omni/NetOrchestrator/src/auth/jwt-auth.guard.ts": {"path":"/home/tulio/Documents/Omni/NetOrchestrator/src/auth/jwt-auth.guard.ts","statementMap":{"0":{"start":{"line":1,"column":0},"end":{"line":1,"column":null}},"1":{"start":{"line":7,"column":0},"end":{"line":7,"column":41}},"2":{"start":{"line":11,"column":7},"end":{"line":34,"column":null}},"3":{"start":{"line":12,"column":31},"end":{"line":12,"column":43}},"4":{"start":{"line":15,"column":20},"end":{"line":15,"column":64}},"5":{"start":{"line":16,"column":18},"end":{"line":16,"column":44}},"6":{"start":{"line":18,"column":4},"end":{"line":18,"column":50}},"7":{"start":{"line":18,"column":16},"end":{"line":18,"column":50}},"8":{"start":{"line":20,"column":4},"end":{"line":24,"column":5}},"9":{"start":{"line":21,"column":6},"end":{"line":21,"column":54}},"10":{"start":{"line":23,"column":6},"end":{"line":23,"column":40}},"11":{"start":{"line":26,"column":4},"end":{"line":26,"column":16}},"12":{"start":{"line":30,"column":17},"end":{"line":30,"column":46}},"13":{"start":{"line":31,"column":4},"end":{"line":31,"column":50}},"14":{"start":{"line":31,"column":38},"end":{"line":31,"column":50}},"15":{"start":{"line":32,"column":4},"end":{"line":32,"column":25}},"16":{"start":{"line":11,"column":13},"end":{"line":11,"column":25}},"17":{"start":{"line":11,"column":13},"end":{"line":34,"column":null}}},"fnMap":{"0":{"name":"(anonymous_2)","decl":{"start":{"line":12,"column":2},"end":{"line":12,"column":31}},"loc":{"start":{"line":12,"column":53},"end":{"line":12,"column":58}}},"1":{"name":"(anonymous_3)","decl":{"start":{"line":14,"column":2},"end":{"line":14,"column":13}},"loc":{"start":{"line":14,"column":39},"end":{"line":27,"column":3}}},"2":{"name":"(anonymous_4)","decl":{"start":{"line":29,"column":2},"end":{"line":29,"column":14}},"loc":{"start":{"line":29,"column":31},"end":{"line":33,"column":3}}}},"branchMap":{"0":{"loc":{"start":{"line":18,"column":4},"end":{"line":18,"column":50}},"type":"if","locations":[{"start":{"line":18,"column":4},"end":{"line":18,"column":50}},{"start":{},"end":{}}]},"1":{"loc":{"start":{"line":31,"column":4},"end":{"line":31,"column":50}},"type":"if","locations":[{"start":{"line":31,"column":4},"end":{"line":31,"column":50}},{"start":{},"end":{}}]},"2":{"loc":{"start":{"line":12,"column":43},"end":{"line":12,"column":57}},"type":"cond-expr","locations":[{"start":{"line":12,"column":53},"end":{"line":12,"column":57}},{"start":{"line":12,"column":53},"end":{"line":12,"column":57}}]},"3":{"loc":{"start":{"line":12,"column":43},"end":{"line":12,"column":53}},"type":"binary-expr","locations":[{"start":{"line":12,"column":43},"end":{"line":12,"column":57}},{"start":{"line":12,"column":43},"end":{"line":12,"column":53}}]}},"s":{"0":2,"1":2,"2":2,"3":8,"4":4,"5":4,"6":4,"7":1,"8":3,"9":3,"10":2,"11":1,"12":8,"13":8,"14":4,"15":4,"16":2,"17":2},"f":{"0":8,"1":4,"2":8},"b":{"0":[1,3],"1":[4,4],"2":[2,0],"3":[2,2]}}
,"/home/tulio/Documents/Omni/NetOrchestrator/src/metrics/metrics.controller.ts": {"path":"/home/tulio/Documents/Omni/NetOrchestrator/src/metrics/metrics.controller.ts","statementMap":{"0":{"start":{"line":1,"column":0},"end":{"line":1,"column":54}},"1":{"start":{"line":3,"column":0},"end":{"line":3,"column":51}},"2":{"start":{"line":6,"column":7},"end":{"line":14,"column":null}},"3":{"start":{"line":7,"column":31},"end":{"line":7,"column":47}},"4":{"start":{"line":11,"column":4},"end":{"line":11,"column":70}},"5":{"start":{"line":12,"column":4},"end":{"line":12,"column":58}},"6":{"start":{"line":6,"column":13},"end":{"line":6,"column":30}},"7":{"start":{"line":10,"column":8},"end":{"line":13,"column":null}},"8":{"start":{"line":6,"column":13},"end":{"line":14,"column":null}}},"fnMap":{"0":{"name":"(anonymous_4)","decl":{"start":{"line":7,"column":2},"end":{"line":7,"column":31}},"loc":{"start":{"line":7,"column":61},"end":{"line":7,"column":65}}},"1":{"name":"(anonymous_5)","decl":{"start":{"line":10,"column":8},"end":{"line":10,"column":18}},"loc":{"start":{"line":10,"column":39},"end":{"line":13,"column":3}}}},"branchMap":{"0":{"loc":{"start":{"line":7,"column":47},"end":{"line":7,"column":64}},"type":"cond-expr","locations":[{"start":{"line":7,"column":61},"end":{"line":7,"column":64}},{"start":{"line":7,"column":61},"end":{"line":7,"column":64}}]},"1":{"loc":{"start":{"line":7,"column":47},"end":{"line":7,"column":61}},"type":"binary-expr","locations":[{"start":{"line":7,"column":47},"end":{"line":7,"column":64}},{"start":{"line":7,"column":47},"end":{"line":7,"column":61}}]}},"s":{"0":0,"1":0,"2":0,"3":0,"4":0,"5":0,"6":0,"7":0,"8":0},"f":{"0":0,"1":0},"b":{"0":[0,0],"1":[0,0]}}
,"/home/tulio/Documents/Omni/NetOrchestrator/src/metrics/metrics.interceptor.ts": {"path":"/home/tulio/Documents/Omni/NetOrchestrator/src/metrics/metrics.interceptor.ts","statementMap":{"0":{"start":{"line":1,"column":0},"end":{"line":1,"column":92}},"1":{"start":{"line":3,"column":0},"end":{"line":3,"column":37}},"2":{"start":{"line":4,"column":0},"end":{"line":4,"column":51}},"3":{"start":{"line":7,"column":7},"end":{"line":34,"column":null}},"4":{"start":{"line":8,"column":31},"end":{"line":8,"column":47}},"5":{"start":{"line":11,"column":16},"end":{"line":11,"column":51}},"6":{"start":{"line":13,"column":4},"end":{"line":15,"column":5}},"7":{"start":{"line":14,"column":6},"end":{"line":14,"column":27}},"8":{"start":{"line":17,"column":16},"end":{"line":20,"column":6}},"9":{"start":{"line":22,"column":4},"end":{"line":32,"column":6}},"10":{"start":{"line":24,"column":20},"end":{"line":24,"column":56}},"11":{"start":{"line":25,"column":8},"end":{"line":25,"column":14}},"12":{"start":{"line":26,"column":8},"end":{"line":30,"column":11}},"13":{"start":{"line":7,"column":13},"end":{"line":7,"column":31}},"14":{"start":{"line":7,"column":13},"end":{"line":34,"column":null}}},"fnMap":{"0":{"name":"(anonymous_2)","decl":{"start":{"line":8,"column":2},"end":{"line":8,"column":31}},"loc":{"start":{"line":8,"column":61},"end":{"line":8,"column":65}}},"1":{"name":"(anonymous_3)","decl":{"start":{"line":10,"column":2},"end":{"line":10,"column":11}},"loc":{"start":{"line":10,"column":56},"end":{"line":33,"column":3}}},"2":{"name":"(anonymous_4)","decl":{"start":{"line":23,"column":10},"end":{"line":23,"column":13}},"loc":{"start":{"line":23,"column":15},"end":{"line":31,"column":7}}}},"branchMap":{"0":{"loc":{"start":{"line":13,"column":4},"end":{"line":15,"column":5}},"type":"if","locations":[{"start":{"line":13,"column":4},"end":{"line":15,"column":5}},{"start":{},"end":{}}]},"1":{"loc":{"start":{"line":13,"column":8},"end":{"line":13,"column":92}},"type":"binary-expr","locations":[{"start":{"line":13,"column":8},"end":{"line":13,"column":31}},{"start":{"line":13,"column":35},"end":{"line":13,"column":57}},{"start":{"line":13,"column":61},"end":{"line":13,"column":92}}]},"2":{"loc":{"start":{"line":19,"column":13},"end":{"line":19,"column":39}},"type":"binary-expr","locations":[{"start":{"line":19,"column":13},"end":{"line":19,"column":28}},{"start":{"line":19,"column":32},"end":{"line":19,"column":39}}]},"3":{"loc":{"start":{"line":29,"column":17},"end":{"line":29,"column":43}},"type":"binary-expr","locations":[{"start":{"line":29,"column":17},"end":{"line":29,"column":32}},{"start":{"line":29,"column":36},"end":{"line":29,"column":43}}]},"4":{"loc":{"start":{"line":8,"column":47},"end":{"line":8,"column":64}},"type":"cond-expr","locations":[{"start":{"line":8,"column":61},"end":{"line":8,"column":64}},{"start":{"line":8,"column":61},"end":{"line":8,"column":64}}]},"5":{"loc":{"start":{"line":8,"column":47},"end":{"line":8,"column":61}},"type":"binary-expr","locations":[{"start":{"line":8,"column":47},"end":{"line":8,"column":64}},{"start":{"line":8,"column":47},"end":{"line":8,"column":61}}]}},"s":{"0":1,"1":1,"2":1,"3":1,"4":4,"5":4,"6":4,"7":2,"8":2,"9":2,"10":2,"11":2,"12":2,"13":1,"14":1},"f":{"0":4,"1":4,"2":2},"b":{"0":[2,2],"1":[4,3,3],"2":[2,0],"3":[2,0],"4":[1,0],"5":[1,1]}}
,"/home/tulio/Documents/Omni/NetOrchestrator/src/metrics/metrics.service.ts": {"path":"/home/tulio/Documents/Omni/NetOrchestrator/src/metrics/metrics.service.ts","statementMap":{"0":{"start":{"line":1,"column":0},"end":{"line":1,"column":44}},"1":{"start":{"line":2,"column":0},"end":{"line":2,"column":82}},"2":{"start":{"line":5,"column":7},"end":{"line":31,"column":null}},"3":{"start":{"line":11,"column":4},"end":{"line":11,"column":35}},"4":{"start":{"line":14,"column":4},"end":{"line":14,"column":55}},"5":{"start":{"line":16,"column":4},"end":{"line":21,"column":7}},"6":{"start":{"line":23,"column":4},"end":{"line":29,"column":7}},"7":{"start":{"line":5,"column":13},"end":{"line":5,"column":27}},"8":{"start":{"line":5,"column":13},"end":{"line":31,"column":null}}},"fnMap":{"0":{"name":"(anonymous_2)","decl":{"start":{"line":10,"column":2},"end":{"line":10,"column":null}},"loc":{"start":{"line":10,"column":2},"end":{"line":30,"column":3}}}},"branchMap":{},"s":{"0":2,"1":2,"2":2,"3":5,"4":5,"5":5,"6":5,"7":2,"8":2},"f":{"0":5},"b":{}}
,"/home/tulio/Documents/Omni/NetOrchestrator/src/orchestrator/orchestrator.controller.ts": {"path":"/home/tulio/Documents/Omni/NetOrchestrator/src/orchestrator/orchestrator.controller.ts","statementMap":{"0":{"start":{"line":1,"column":0},"end":{"line":1,"column":null}},"1":{"start":{"line":10,"column":0},"end":{"line":10,"column":61}},"2":{"start":{"line":11,"column":0},"end":{"line":11,"column":77}},"3":{"start":{"line":12,"column":0},"end":{"line":12,"column":66}},"4":{"start":{"line":13,"column":0},"end":{"line":13,"column":54}},"5":{"start":{"line":14,"column":0},"end":{"line":14,"column":63}},"6":{"start":{"line":18,"column":7},"end":{"line":46,"column":null}},"7":{"start":{"line":19,"column":31},"end":{"line":19,"column":52}},"8":{"start":{"line":23,"column":4},"end":{"line":23,"column":66}},"9":{"start":{"line":28,"column":4},"end":{"line":39,"column":5}},"10":{"start":{"line":29,"column":6},"end":{"line":29,"column":72}},"11":{"start":{"line":31,"column":26},"end":{"line":31,"column":59}},"12":{"start":{"line":32,"column":6},"end":{"line":34,"column":7}},"13":{"start":{"line":33,"column":8},"end":{"line":33,"column":73}},"14":{"start":{"line":35,"column":6},"end":{"line":38,"column":8}},"15":{"start":{"line":44,"column":4},"end":{"line":44,"column":64}},"16":{"start":{"line":18,"column":13},"end":{"line":18,"column":35}},"17":{"start":{"line":22,"column":2},"end":{"line":24,"column":null}},"18":{"start":{"line":27,"column":8},"end":{"line":40,"column":null}},"19":{"start":{"line":43,"column":8},"end":{"line":45,"column":null}},"20":{"start":{"line":18,"column":13},"end":{"line":46,"column":null}}},"fnMap":{"0":{"name":"(anonymous_4)","decl":{"start":{"line":19,"column":2},"end":{"line":19,"column":31}},"loc":{"start":{"line":19,"column":71},"end":{"line":19,"column":75}}},"1":{"name":"(anonymous_5)","decl":{"start":{"line":22,"column":2},"end":{"line":22,"column":12}},"loc":{"start":{"line":22,"column":60},"end":{"line":24,"column":3}}},"2":{"name":"(anonymous_6)","decl":{"start":{"line":27,"column":8},"end":{"line":27,"column":22}},"loc":{"start":{"line":27,"column":66},"end":{"line":40,"column":3}}},"3":{"name":"(anonymous_7)","decl":{"start":{"line":43,"column":8},"end":{"line":43,"column":17}},"loc":{"start":{"line":43,"column":50},"end":{"line":45,"column":3}}}},"branchMap":{"0":{"loc":{"start":{"line":31,"column":26},"end":{"line":31,"column":59}},"type":"binary-expr","locations":[{"start":{"line":31,"column":26},"end":{"line":31,"column":40}},{"start":{"line":31,"column":44},"end":{"line":31,"column":59}}]},"1":{"loc":{"start":{"line":32,"column":6},"end":{"line":34,"column":7}},"type":"if","locations":[{"start":{"line":32,"column":6},"end":{"line":34,"column":7}},{"start":{},"end":{}}]},"2":{"loc":{"start":{"line":22,"column":36},"end":{"line":22,"column":null}},"type":"cond-expr","locations":[{"start":{"line":22,"column":60},"end":{"line":22,"column":null}},{"start":{"line":22,"column":60},"end":{"line":22,"column":null}}]},"3":{"loc":{"start":{"line":22,"column":36},"end":{"line":22,"column":60}},"type":"binary-expr","locations":[{"start":{"line":22,"column":36},"end":{"line":22,"column":null}},{"start":{"line":22,"column":36},"end":{"line":22,"column":60}}]},"4":{"loc":{"start":{"line":27,"column":47},"end":{"line":27,"column":null}},"type":"cond-expr","locations":[{"start":{"line":27,"column":66},"end":{"line":27,"column":null}},{"start":{"line":27,"column":66},"end":{"line":27,"column":null}}]},"5":{"loc":{"start":{"line":27,"column":47},"end":{"line":27,"column":66}},"type":"binary-expr","locations":[{"start":{"line":27,"column":47},"end":{"line":27,"column":null}},{"start":{"line":27,"column":47},"end":{"line":27,"column":66}}]},"6":{"loc":{"start":{"line":43,"column":39},"end":{"line":43,"column":null}},"type":"cond-expr","locations":[{"start":{"line":43,"column":50},"end":{"line":43,"column":null}},{"start":{"line":43,"column":50},"end":{"line":43,"column":null}}]},"7":{"loc":{"start":{"line":43,"column":39},"end":{"line":43,"column":50}},"type":"binary-expr","locations":[{"start":{"line":43,"column":39},"end":{"line":43,"column":null}},{"start":{"line":43,"column":39},"end":{"line":43,"column":50}}]},"8":{"loc":{"start":{"line":19,"column":52},"end":{"line":19,"column":74}},"type":"cond-expr","locations":[{"start":{"line":19,"column":71},"end":{"line":19,"column":74}},{"start":{"line":19,"column":71},"end":{"line":19,"column":74}}]},"9":{"loc":{"start":{"line":19,"column":52},"end":{"line":19,"column":71}},"type":"binary-expr","locations":[{"start":{"line":19,"column":52},"end":{"line":19,"column":74}},{"start":{"line":19,"column":52},"end":{"line":19,"column":71}}]}},"s":{"0":1,"1":1,"2":1,"3":1,"4":1,"5":1,"6":1,"7":6,"8":1,"9":5,"10":5,"11":4,"12":4,"13":2,"14":2,"15":1,"16":1,"17":1,"18":1,"19":1,"20":1},"f":{"0":6,"1":1,"2":5,"3":1},"b":{"0":[4,1],"1":[2,2],"2":[1,0],"3":[1,1],"4":[1,0],"5":[1,1],"6":[1,0],"7":[1,1],"8":[1,0],"9":[1,1]}}
,"/home/tulio/Documents/Omni/NetOrchestrator/src/orchestrator/orchestrator.gateway.ts": {"path":"/home/tulio/Documents/Omni/NetOrchestrator/src/orchestrator/orchestrator.gateway.ts","statementMap":{"0":{"start":{"line":1,"column":0},"end":{"line":1,"column":null}},"1":{"start":{"line":8,"column":0},"end":{"line":8,"column":35}},"2":{"start":{"line":9,"column":0},"end":{"line":9,"column":41}},"3":{"start":{"line":10,"column":0},"end":{"line":10,"column":61}},"4":{"start":{"line":13,"column":7},"end":{"line":48,"column":null}},"5":{"start":{"line":15,"column":21},"end":{"line":15,"column":42}},"6":{"start":{"line":16,"column":21},"end":{"line":16,"column":33}},"7":{"start":{"line":21,"column":6},"end":{"line":22,"column":69}},"8":{"start":{"line":24,"column":4},"end":{"line":27,"column":5}},"9":{"start":{"line":25,"column":6},"end":{"line":25,"column":26}},"10":{"start":{"line":26,"column":6},"end":{"line":26,"column":13}},"11":{"start":{"line":29,"column":4},"end":{"line":33,"column":5}},"12":{"start":{"line":30,"column":6},"end":{"line":30,"column":36}},"13":{"start":{"line":32,"column":6},"end":{"line":32,"column":26}},"14":{"start":{"line":41,"column":4},"end":{"line":41,"column":71}},"15":{"start":{"line":46,"column":4},"end":{"line":46,"column":53}},"16":{"start":{"line":13,"column":13},"end":{"line":13,"column":32}},"17":{"start":{"line":37,"column":8},"end":{"line":42,"column":null}},"18":{"start":{"line":45,"column":2},"end":{"line":47,"column":null}},"19":{"start":{"line":13,"column":13},"end":{"line":48,"column":null}}},"fnMap":{"0":{"name":"(anonymous_4)","decl":{"start":{"line":14,"column":2},"end":{"line":14,"column":null}},"loc":{"start":{"line":16,"column":43},"end":{"line":17,"column":6}}},"1":{"name":"(anonymous_5)","decl":{"start":{"line":19,"column":2},"end":{"line":19,"column":18}},"loc":{"start":{"line":19,"column":33},"end":{"line":34,"column":3}}},"2":{"name":"(anonymous_6)","decl":{"start":{"line":37,"column":8},"end":{"line":37,"column":25}},"loc":{"start":{"line":39,"column":34},"end":{"line":42,"column":3}}},"3":{"name":"(anonymous_7)","decl":{"start":{"line":45,"column":2},"end":{"line":45,"column":18}},"loc":{"start":{"line":45,"column":52},"end":{"line":47,"column":3}}}},"branchMap":{"0":{"loc":{"start":{"line":21,"column":6},"end":{"line":22,"column":69}},"type":"binary-expr","locations":[{"start":{"line":21,"column":6},"end":{"line":21,"column":34}},{"start":{"line":22,"column":6},"end":{"line":22,"column":69}}]},"1":{"loc":{"start":{"line":24,"column":4},"end":{"line":27,"column":5}},"type":"if","locations":[{"start":{"line":24,"column":4},"end":{"line":27,"column":5}},{"start":{},"end":{}}]},"2":{"loc":{"start":{"line":38,"column":31},"end":{"line":38,"column":null}},"type":"cond-expr","locations":[{"start":{"line":38,"column":37},"end":{"line":38,"column":null}},{"start":{"line":38,"column":37},"end":{"line":38,"column":null}}]},"3":{"loc":{"start":{"line":38,"column":31},"end":{"line":38,"column":37}},"type":"binary-expr","locations":[{"start":{"line":38,"column":31},"end":{"line":38,"column":null}},{"start":{"line":38,"column":31},"end":{"line":38,"column":37}}]},"4":{"loc":{"start":{"line":45,"column":46},"end":{"line":45,"column":null}},"type":"cond-expr","locations":[{"start":{"line":45,"column":52},"end":{"line":45,"column":null}},{"start":{"line":45,"column":52},"end":{"line":45,"column":null}}]},"5":{"loc":{"start":{"line":45,"column":46},"end":{"line":45,"column":52}},"type":"binary-expr","locations":[{"start":{"line":45,"column":46},"end":{"line":45,"column":null}},{"start":{"line":45,"column":46},"end":{"line":45,"column":52}}]},"6":{"loc":{"start":{"line":15,"column":42},"end":{"line":15,"column":null}},"type":"cond-expr","locations":[{"start":{"line":15,"column":61},"end":{"line":15,"column":null}},{"start":{"line":15,"column":61},"end":{"line":15,"column":null}}]},"7":{"loc":{"start":{"line":15,"column":42},"end":{"line":15,"column":61}},"type":"binary-expr","locations":[{"start":{"line":15,"column":42},"end":{"line":15,"column":null}},{"start":{"line":15,"column":42},"end":{"line":15,"column":61}}]},"8":{"loc":{"start":{"line":15,"column":61},"end":{"line":16,"column":null}},"type":"cond-expr","locations":[{"start":{"line":16,"column":43},"end":{"line":16,"column":null}},{"start":{"line":16,"column":43},"end":{"line":16,"column":null}}]},"9":{"loc":{"start":{"line":15,"column":61},"end":{"line":16,"column":43}},"type":"binary-expr","locations":[{"start":{"line":15,"column":61},"end":{"line":16,"column":null}},{"start":{"line":16,"column":33},"end":{"line":16,"column":43}}]}},"s":{"0":1,"1":1,"2":1,"3":1,"4":1,"5":6,"6":6,"7":5,"8":5,"9":1,"10":1,"11":4,"12":4,"13":1,"14":1,"15":0,"16":1,"17":1,"18":1,"19":1},"f":{"0":6,"1":5,"2":1,"3":0},"b":{"0":[5,2],"1":[1,4],"2":[1,0],"3":[1,1],"4":[1,0],"5":[1,1],"6":[1,0],"7":[1,1],"8":[1,0],"9":[1,1]}}
,"/home/tulio/Documents/Omni/NetOrchestrator/src/orchestrator/orchestrator.service.ts": {"path":"/home/tulio/Documents/Omni/NetOrchestrator/src/orchestrator/orchestrator.service.ts","statementMap":{"0":{"start":{"line":1,"column":0},"end":{"line":1,"column":44}},"1":{"start":{"line":2,"column":0},"end":{"line":2,"column":47}},"2":{"start":{"line":9,"column":7},"end":{"line":327,"column":null}},"3":{"start":{"line":14,"column":4},"end":{"line":14,"column":35}},"4":{"start":{"line":15,"column":4},"end":{"line":15,"column":30}},"5":{"start":{"line":16,"column":4},"end":{"line":16,"column":58}},"6":{"start":{"line":20,"column":4},"end":{"line":37,"column":5}},"7":{"start":{"line":21,"column":6},"end":{"line":27,"column":9}},"8":{"start":{"line":28,"column":6},"end":{"line":28,"column":70}},"9":{"start":{"line":30,"column":6},"end":{"line":35,"column":7}},"10":{"start":{"line":31,"column":8},"end":{"line":34,"column":10}},"11":{"start":{"line":36,"column":6},"end":{"line":36,"column":18}},"12":{"start":{"line":41,"column":20},"end":{"line":41,"column":58}},"13":{"start":{"line":42,"column":26},"end":{"line":42,"column":39}},"14":{"start":{"line":44,"column":34},"end":{"line":95,"column":6}},"15":{"start":{"line":97,"column":4},"end":{"line":100,"column":7}},"16":{"start":{"line":102,"column":19},"end":{"line":102,"column":63}},"17":{"start":{"line":104,"column":4},"end":{"line":104,"column":35}},"18":{"start":{"line":111,"column":20},"end":{"line":111,"column":56}},"19":{"start":{"line":112,"column":21},"end":{"line":112,"column":43}},"20":{"start":{"line":114,"column":4},"end":{"line":152,"column":5}},"21":{"start":{"line":115,"column":19},"end":{"line":118,"column":8}},"22":{"start":{"line":120,"column":6},"end":{"line":123,"column":7}},"23":{"start":{"line":121,"column":8},"end":{"line":121,"column":54}},"24":{"start":{"line":121,"column":33},"end":{"line":121,"column":52}},"25":{"start":{"line":122,"column":8},"end":{"line":122,"column":17}},"26":{"start":{"line":125,"column":18},"end":{"line":125,"column":31}},"27":{"start":{"line":126,"column":22},"end":{"line":126,"column":40}},"28":{"start":{"line":127,"column":28},"end":{"line":127,"column":59}},"29":{"start":{"line":128,"column":20},"end":{"line":128,"column":37}},"30":{"start":{"line":130,"column":6},"end":{"line":138,"column":7}},"31":{"start":{"line":136,"column":8},"end":{"line":136,"column":54}},"32":{"start":{"line":136,"column":33},"end":{"line":136,"column":52}},"33":{"start":{"line":137,"column":8},"end":{"line":137,"column":17}},"34":{"start":{"line":140,"column":19},"end":{"line":145,"column":8}},"35":{"start":{"line":147,"column":6},"end":{"line":149,"column":7}},"36":{"start":{"line":148,"column":8},"end":{"line":148,"column":69}},"37":{"start":{"line":151,"column":6},"end":{"line":151,"column":32}},"38":{"start":{"line":154,"column":4},"end":{"line":154,"column":60}},"39":{"start":{"line":158,"column":20},"end":{"line":158,"column":51}},"40":{"start":{"line":159,"column":26},"end":{"line":159,"column":40}},"41":{"start":{"line":161,"column":34},"end":{"line":220,"column":6}},"42":{"start":{"line":222,"column":4},"end":{"line":234,"column":5}},"43":{"start":{"line":223,"column":23},"end":{"line":226,"column":8}},"44":{"start":{"line":228,"column":6},"end":{"line":231,"column":8}},"45":{"start":{"line":233,"column":6},"end":{"line":233,"column":18}},"46":{"start":{"line":238,"column":20},"end":{"line":238,"column":56}},"47":{"start":{"line":239,"column":20},"end":{"line":239,"column":21}},"48":{"start":{"line":241,"column":21},"end":{"line":323,"column":5}},"49":{"start":{"line":242,"column":6},"end":{"line":322,"column":7}},"50":{"start":{"line":243,"column":21},"end":{"line":246,"column":10}},"51":{"start":{"line":248,"column":8},"end":{"line":251,"column":9}},"52":{"start":{"line":249,"column":10},"end":{"line":249,"column":45}},"53":{"start":{"line":249,"column":27},"end":{"line":249,"column":37}},"54":{"start":{"line":250,"column":10},"end":{"line":250,"column":17}},"55":{"start":{"line":253,"column":20},"end":{"line":253,"column":33}},"56":{"start":{"line":254,"column":24},"end":{"line":254,"column":42}},"57":{"start":{"line":255,"column":30},"end":{"line":255,"column":61}},"58":{"start":{"line":257,"column":8},"end":{"line":260,"column":9}},"59":{"start":{"line":258,"column":10},"end":{"line":258,"column":45}},"60":{"start":{"line":258,"column":27},"end":{"line":258,"column":37}},"61":{"start":{"line":259,"column":10},"end":{"line":259,"column":17}},"62":{"start":{"line":262,"column":22},"end":{"line":262,"column":39}},"63":{"start":{"line":264,"column":8},"end":{"line":267,"column":9}},"64":{"start":{"line":265,"column":10},"end":{"line":265,"column":45}},"65":{"start":{"line":265,"column":27},"end":{"line":265,"column":37}},"66":{"start":{"line":266,"column":10},"end":{"line":266,"column":17}},"67":{"start":{"line":270,"column":10},"end":{"line":270,"column":60}},"68":{"start":{"line":271,"column":8},"end":{"line":274,"column":9}},"69":{"start":{"line":272,"column":10},"end":{"line":272,"column":45}},"70":{"start":{"line":272,"column":27},"end":{"line":272,"column":37}},"71":{"start":{"line":273,"column":10},"end":{"line":273,"column":17}},"72":{"start":{"line":276,"column":8},"end":{"line":312,"column":9}},"73":{"start":{"line":281,"column":10},"end":{"line":310,"column":11}},"74":{"start":{"line":282,"column":25},"end":{"line":287,"column":14}},"75":{"start":{"line":289,"column":26},"end":{"line":289,"column":50}},"76":{"start":{"line":290,"column":29},"end":{"line":290,"column":51}},"77":{"start":{"line":291,"column":12},"end":{"line":293,"column":15}},"78":{"start":{"line":292,"column":14},"end":{"line":292,"column":55}},"79":{"start":{"line":292,"column":24},"end":{"line":292,"column":55}},"80":{"start":{"line":294,"column":12},"end":{"line":294,"column":37}},"81":{"start":{"line":296,"column":12},"end":{"line":300,"column":13}},"82":{"start":{"line":297,"column":14},"end":{"line":297,"column":49}},"83":{"start":{"line":297,"column":31},"end":{"line":297,"column":41}},"84":{"start":{"line":299,"column":14},"end":{"line":299,"column":43}},"85":{"start":{"line":302,"column":12},"end":{"line":302,"column":72}},"86":{"start":{"line":303,"column":12},"end":{"line":309,"column":13}},"87":{"start":{"line":304,"column":14},"end":{"line":304,"column":49}},"88":{"start":{"line":304,"column":31},"end":{"line":304,"column":41}},"89":{"start":{"line":306,"column":14},"end":{"line":308,"column":17}},"90":{"start":{"line":311,"column":10},"end":{"line":311,"column":17}},"91":{"start":{"line":314,"column":8},"end":{"line":316,"column":11}},"92":{"start":{"line":318,"column":8},"end":{"line":318,"column":60}},"93":{"start":{"line":319,"column":8},"end":{"line":321,"column":11}},"94":{"start":{"line":325,"column":4},"end":{"line":325,"column":15}},"95":{"start":{"line":9,"column":13},"end":{"line":9,"column":32}},"96":{"start":{"line":9,"column":13},"end":{"line":327,"column":null}}},"fnMap":{"0":{"name":"(anonymous_11)","decl":{"start":{"line":13,"column":2},"end":{"line":13,"column":null}},"loc":{"start":{"line":13,"column":2},"end":{"line":17,"column":3}}},"1":{"name":"(anonymous_12)","decl":{"start":{"line":19,"column":2},"end":{"line":19,"column":7}},"loc":{"start":{"line":19,"column":41},"end":{"line":38,"column":3}}},"2":{"name":"(anonymous_13)","decl":{"start":{"line":40,"column":2},"end":{"line":40,"column":7}},"loc":{"start":{"line":40,"column":48},"end":{"line":105,"column":3}}},"3":{"name":"(anonymous_14)","decl":{"start":{"line":107,"column":10},"end":{"line":107,"column":15}},"loc":{"start":{"line":109,"column":21},"end":{"line":155,"column":3}}},"4":{"name":"(anonymous_15)","decl":{"start":{"line":121,"column":26},"end":{"line":121,"column":27}},"loc":{"start":{"line":121,"column":33},"end":{"line":121,"column":52}}},"5":{"name":"(anonymous_16)","decl":{"start":{"line":136,"column":26},"end":{"line":136,"column":27}},"loc":{"start":{"line":136,"column":33},"end":{"line":136,"column":52}}},"6":{"name":"(anonymous_17)","decl":{"start":{"line":157,"column":2},"end":{"line":157,"column":7}},"loc":{"start":{"line":157,"column":62},"end":{"line":235,"column":3}}},"7":{"name":"(anonymous_18)","decl":{"start":{"line":237,"column":2},"end":{"line":237,"column":7}},"loc":{"start":{"line":237,"column":58},"end":{"line":326,"column":3}}},"8":{"name":"(anonymous_19)","decl":{"start":{"line":241,"column":21},"end":{"line":241,"column":26}},"loc":{"start":{"line":241,"column":32},"end":{"line":323,"column":5}}},"9":{"name":"(anonymous_20)","decl":{"start":{"line":249,"column":21},"end":{"line":249,"column":24}},"loc":{"start":{"line":249,"column":27},"end":{"line":249,"column":37}}},"10":{"name":"(anonymous_21)","decl":{"start":{"line":258,"column":21},"end":{"line":258,"column":24}},"loc":{"start":{"line":258,"column":27},"end":{"line":258,"column":37}}},"11":{"name":"(anonymous_22)","decl":{"start":{"line":265,"column":21},"end":{"line":265,"column":24}},"loc":{"start":{"line":265,"column":27},"end":{"line":265,"column":37}}},"12":{"name":"(anonymous_23)","decl":{"start":{"line":272,"column":21},"end":{"line":272,"column":24}},"loc":{"start":{"line":272,"column":27},"end":{"line":272,"column":37}}},"13":{"name":"(anonymous_24)","decl":{"start":{"line":291,"column":29},"end":{"line":291,"column":30}},"loc":{"start":{"line":291,"column":38},"end":{"line":293,"column":13}}},"14":{"name":"(anonymous_25)","decl":{"start":{"line":297,"column":25},"end":{"line":297,"column":28}},"loc":{"start":{"line":297,"column":31},"end":{"line":297,"column":41}}},"15":{"name":"(anonymous_26)","decl":{"start":{"line":304,"column":25},"end":{"line":304,"column":28}},"loc":{"start":{"line":304,"column":31},"end":{"line":304,"column":41}}}},"branchMap":{"0":{"loc":{"start":{"line":30,"column":6},"end":{"line":35,"column":7}},"type":"if","locations":[{"start":{"line":30,"column":6},"end":{"line":35,"column":7}},{"start":{},"end":{}}]},"1":{"loc":{"start":{"line":30,"column":10},"end":{"line":30,"column":64}},"type":"binary-expr","locations":[{"start":{"line":30,"column":10},"end":{"line":30,"column":35}},{"start":{"line":30,"column":39},"end":{"line":30,"column":64}}]},"2":{"loc":{"start":{"line":120,"column":6},"end":{"line":123,"column":7}},"type":"if","locations":[{"start":{"line":120,"column":6},"end":{"line":123,"column":7}},{"start":{},"end":{}}]},"3":{"loc":{"start":{"line":120,"column":10},"end":{"line":120,"column":48}},"type":"binary-expr","locations":[{"start":{"line":120,"column":10},"end":{"line":120,"column":21}},{"start":{"line":120,"column":25},"end":{"line":120,"column":48}}]},"4":{"loc":{"start":{"line":130,"column":6},"end":{"line":138,"column":7}},"type":"if","locations":[{"start":{"line":130,"column":6},"end":{"line":138,"column":7}},{"start":{},"end":{}}]},"5":{"loc":{"start":{"line":131,"column":8},"end":{"line":134,"column":22}},"type":"binary-expr","locations":[{"start":{"line":131,"column":8},"end":{"line":131,"column":27}},{"start":{"line":132,"column":8},"end":{"line":132,"column":27}},{"start":{"line":133,"column":8},"end":{"line":133,"column":16}},{"start":{"line":134,"column":8},"end":{"line":134,"column":22}}]},"6":{"loc":{"start":{"line":147,"column":6},"end":{"line":149,"column":7}},"type":"if","locations":[{"start":{"line":147,"column":6},"end":{"line":149,"column":7}},{"start":{},"end":{}}]},"7":{"loc":{"start":{"line":148,"column":24},"end":{"line":148,"column":67}},"type":"binary-expr","locations":[{"start":{"line":148,"column":24},"end":{"line":148,"column":36}},{"start":{"line":148,"column":40},"end":{"line":148,"column":67}}]},"8":{"loc":{"start":{"line":151,"column":13},"end":{"line":151,"column":31}},"type":"binary-expr","locations":[{"start":{"line":151,"column":13},"end":{"line":151,"column":25}},{"start":{"line":151,"column":29},"end":{"line":151,"column":31}}]},"9":{"loc":{"start":{"line":248,"column":8},"end":{"line":251,"column":9}},"type":"if","locations":[{"start":{"line":248,"column":8},"end":{"line":251,"column":9}},{"start":{},"end":{}}]},"10":{"loc":{"start":{"line":248,"column":12},"end":{"line":248,"column":50}},"type":"binary-expr","locations":[{"start":{"line":248,"column":12},"end":{"line":248,"column":23}},{"start":{"line":248,"column":27},"end":{"line":248,"column":50}}]},"11":{"loc":{"start":{"line":257,"column":8},"end":{"line":260,"column":9}},"type":"if","locations":[{"start":{"line":257,"column":8},"end":{"line":260,"column":9}},{"start":{},"end":{}}]},"12":{"loc":{"start":{"line":257,"column":12},"end":{"line":257,"column":38}},"type":"binary-expr","locations":[{"start":{"line":257,"column":12},"end":{"line":257,"column":20}},{"start":{"line":257,"column":24},"end":{"line":257,"column":38}}]},"13":{"loc":{"start":{"line":264,"column":8},"end":{"line":267,"column":9}},"type":"if","locations":[{"start":{"line":264,"column":8},"end":{"line":267,"column":9}},{"start":{},"end":{}}]},"14":{"loc":{"start":{"line":271,"column":8},"end":{"line":274,"column":9}},"type":"if","locations":[{"start":{"line":271,"column":8},"end":{"line":274,"column":9}},{"start":{},"end":{}}]},"15":{"loc":{"start":{"line":271,"column":12},"end":{"line":271,"column":52}},"type":"binary-expr","locations":[{"start":{"line":271,"column":12},"end":{"line":271,"column":31}},{"start":{"line":271,"column":35},"end":{"line":271,"column":52}}]},"16":{"loc":{"start":{"line":276,"column":8},"end":{"line":312,"column":9}},"type":"if","locations":[{"start":{"line":276,"column":8},"end":{"line":312,"column":9}},{"start":{},"end":{}}]},"17":{"loc":{"start":{"line":277,"column":10},"end":{"line":279,"column":28}},"type":"binary-expr","locations":[{"start":{"line":277,"column":10},"end":{"line":277,"column":29}},{"start":{"line":278,"column":10},"end":{"line":278,"column":31}},{"start":{"line":279,"column":10},"end":{"line":279,"column":28}}]},"18":{"loc":{"start":{"line":289,"column":27},"end":{"line":289,"column":37}},"type":"binary-expr","locations":[{"start":{"line":289,"column":27},"end":{"line":289,"column":31}},{"start":{"line":289,"column":35},"end":{"line":289,"column":37}}]},"19":{"loc":{"start":{"line":292,"column":14},"end":{"line":292,"column":55}},"type":"if","locations":[{"start":{"line":292,"column":14},"end":{"line":292,"column":55}},{"start":{},"end":{}}]},"20":{"loc":{"start":{"line":296,"column":12},"end":{"line":300,"column":13}},"type":"if","locations":[{"start":{"line":296,"column":12},"end":{"line":300,"column":13}},{"start":{"line":298,"column":19},"end":{"line":300,"column":13}}]},"21":{"loc":{"start":{"line":303,"column":12},"end":{"line":309,"column":13}},"type":"if","locations":[{"start":{"line":303,"column":12},"end":{"line":309,"column":13}},{"start":{"line":305,"column":19},"end":{"line":309,"column":13}}]},"22":{"loc":{"start":{"line":320,"column":19},"end":{"line":320,"column":52}},"type":"binary-expr","locations":[{"start":{"line":320,"column":19},"end":{"line":320,"column":33}},{"start":{"line":320,"column":37},"end":{"line":320,"column":52}}]}},"s":{"0":3,"1":3,"2":3,"3":18,"4":18,"5":18,"6":4,"7":4,"8":1,"9":3,"10":2,"11":1,"12":5,"13":5,"14":5,"15":5,"16":5,"17":2,"18":5,"19":5,"20":5,"21":4,"22":4,"23":0,"24":0,"25":0,"26":4,"27":4,"28":4,"29":4,"30":4,"31":0,"32":0,"33":0,"34":4,"35":4,"36":2,"37":2,"38":1,"39":4,"40":4,"41":4,"42":4,"43":4,"44":3,"45":1,"46":5,"47":5,"48":5,"49":5,"50":5,"51":4,"52":1,"53":0,"54":1,"55":3,"56":3,"57":3,"58":3,"59":0,"60":0,"61":0,"62":3,"63":3,"64":0,"65":0,"66":0,"67":3,"68":3,"69":0,"70":0,"71":0,"72":3,"73":3,"74":3,"75":2,"76":2,"77":2,"78":5,"79":3,"80":2,"81":2,"82":0,"83":0,"84":2,"85":1,"86":1,"87":0,"88":0,"89":1,"90":3,"91":0,"92":1,"93":1,"94":5,"95":3,"96":3},"f":{"0":18,"1":4,"2":5,"3":5,"4":0,"5":0,"6":4,"7":5,"8":5,"9":0,"10":0,"11":0,"12":0,"13":5,"14":0,"15":0},"b":{"0":[2,1],"1":[3,2],"2":[0,4],"3":[4,4],"4":[0,4],"5":[4,4,4,4],"6":[2,2],"7":[2,1],"8":[2,0],"9":[1,3],"10":[4,4],"11":[0,3],"12":[3,3],"13":[0,3],"14":[0,3],"15":[3,0],"16":[3,0],"17":[3,3,1],"18":[2,0],"19":[3,2],"20":[0,2],"21":[0,1],"22":[1,0]}}
,"/home/tulio/Documents/Omni/NetOrchestrator/src/orchestrator/dto/clear-job-orchestrator.dto.ts": {"path":"/home/tulio/Documents/Omni/NetOrchestrator/src/orchestrator/dto/clear-job-orchestrator.dto.ts","statementMap":{"0":{"start":{"line":1,"column":0},"end":{"line":1,"column":54}},"1":{"start":{"line":3,"column":0},"end":{"line":3,"column":13}},"2":{"start":{"line":8,"column":2},"end":{"line":8,"column":null}}},"fnMap":{},"branchMap":{},"s":{"0":2,"1":2,"2":2},"f":{},"b":{}}
,"/home/tulio/Documents/Omni/NetOrchestrator/src/orchestrator/dto/create-run-orchestrator.dto.ts": {"path":"/home/tulio/Documents/Omni/NetOrchestrator/src/orchestrator/dto/create-run-orchestrator.dto.ts","statementMap":{"0":{"start":{"line":1,"column":0},"end":{"line":1,"column":61}},"1":{"start":{"line":3,"column":0},"end":{"line":3,"column":13}},"2":{"start":{"line":6,"column":2},"end":{"line":6,"column":null}},"3":{"start":{"line":13,"column":2},"end":{"line":13,"column":null}}},"fnMap":{},"branchMap":{},"s":{"0":2,"1":2,"2":2,"3":2},"f":{},"b":{}}
,"/home/tulio/Documents/Omni/NetOrchestrator/src/orchestrator/dto/java-orchestrator.dto.ts": {"path":"/home/tulio/Documents/Omni/NetOrchestrator/src/orchestrator/dto/java-orchestrator.dto.ts","statementMap":{"0":{"start":{"line":1,"column":0},"end":{"line":1,"column":52}},"1":{"start":{"line":3,"column":0},"end":{"line":3,"column":13}},"2":{"start":{"line":6,"column":2},"end":{"line":6,"column":null}}},"fnMap":{},"branchMap":{},"s":{"0":2,"1":2,"2":2},"f":{},"b":{}}
}
