TN:
SF:src/auth/jwt-auth.guard.ts
FN:12,(anonymous_2)
FN:14,(anonymous_3)
FN:29,(anonymous_4)
FNF:3
FNH:3
FNDA:8,(anonymous_2)
FNDA:4,(anonymous_3)
FNDA:8,(anonymous_4)
DA:1,2
DA:7,2
DA:11,2
DA:12,8
DA:15,4
DA:16,4
DA:18,4
DA:20,3
DA:21,3
DA:23,2
DA:26,1
DA:30,8
DA:31,8
DA:32,4
LF:14
LH:14
BRDA:18,0,0,1
BRDA:18,0,1,3
BRDA:31,1,0,4
BRDA:31,1,1,4
BRDA:12,2,0,2
BRDA:12,2,1,0
BRDA:12,3,0,2
BRDA:12,3,1,2
BRF:8
BRH:7
end_of_record
TN:
SF:src/metrics/metrics.controller.ts
FN:7,(anonymous_4)
FN:10,(anonymous_5)
FNF:2
FNH:0
FNDA:0,(anonymous_4)
FNDA:0,(anonymous_5)
DA:1,0
DA:3,0
DA:6,0
DA:7,0
DA:10,0
DA:11,0
DA:12,0
LF:7
LH:0
BRDA:7,0,0,0
BRDA:7,0,1,0
BRDA:7,1,0,0
BRDA:7,1,1,0
BRF:4
BRH:0
end_of_record
TN:
SF:src/metrics/metrics.interceptor.ts
FN:8,(anonymous_2)
FN:10,(anonymous_3)
FN:23,(anonymous_4)
FNF:3
FNH:3
FNDA:4,(anonymous_2)
FNDA:4,(anonymous_3)
FNDA:2,(anonymous_4)
DA:1,1
DA:3,1
DA:4,1
DA:7,1
DA:8,4
DA:11,4
DA:13,4
DA:14,2
DA:17,2
DA:22,2
DA:24,2
DA:25,2
DA:26,2
LF:13
LH:13
BRDA:13,0,0,2
BRDA:13,0,1,2
BRDA:13,1,0,4
BRDA:13,1,1,3
BRDA:13,1,2,3
BRDA:19,2,0,2
BRDA:19,2,1,0
BRDA:29,3,0,2
BRDA:29,3,1,0
BRDA:8,4,0,1
BRDA:8,4,1,0
BRDA:8,5,0,1
BRDA:8,5,1,1
BRF:13
BRH:10
end_of_record
TN:
SF:src/metrics/metrics.service.ts
FN:10,(anonymous_2)
FNF:1
FNH:1
FNDA:5,(anonymous_2)
DA:1,2
DA:2,2
DA:5,2
DA:11,5
DA:14,5
DA:16,5
DA:23,5
LF:7
LH:7
BRF:0
BRH:0
end_of_record
TN:
SF:src/orchestrator/orchestrator.controller.ts
FN:19,(anonymous_4)
FN:22,(anonymous_5)
FN:27,(anonymous_6)
FN:43,(anonymous_7)
FNF:4
FNH:4
FNDA:6,(anonymous_4)
FNDA:1,(anonymous_5)
FNDA:5,(anonymous_6)
FNDA:1,(anonymous_7)
DA:1,1
DA:10,1
DA:11,1
DA:12,1
DA:13,1
DA:14,1
DA:18,1
DA:19,6
DA:22,1
DA:23,1
DA:27,1
DA:28,5
DA:29,5
DA:31,4
DA:32,4
DA:33,2
DA:35,2
DA:43,1
DA:44,1
LF:19
LH:19
BRDA:31,0,0,4
BRDA:31,0,1,1
BRDA:32,1,0,2
BRDA:32,1,1,2
BRDA:22,2,0,1
BRDA:22,2,1,0
BRDA:22,3,0,1
BRDA:22,3,1,1
BRDA:27,4,0,1
BRDA:27,4,1,0
BRDA:27,5,0,1
BRDA:27,5,1,1
BRDA:43,6,0,1
BRDA:43,6,1,0
BRDA:43,7,0,1
BRDA:43,7,1,1
BRDA:19,8,0,1
BRDA:19,8,1,0
BRDA:19,9,0,1
BRDA:19,9,1,1
BRF:20
BRH:16
end_of_record
TN:
SF:src/orchestrator/orchestrator.gateway.ts
FN:14,(anonymous_4)
FN:19,(anonymous_5)
FN:37,(anonymous_6)
FN:45,(anonymous_7)
FNF:4
FNH:3
FNDA:6,(anonymous_4)
FNDA:5,(anonymous_5)
FNDA:1,(anonymous_6)
FNDA:0,(anonymous_7)
DA:1,1
DA:8,1
DA:9,1
DA:10,1
DA:13,1
DA:15,6
DA:16,6
DA:21,5
DA:24,5
DA:25,1
DA:26,1
DA:29,4
DA:30,4
DA:32,1
DA:37,1
DA:41,1
DA:45,1
DA:46,0
LF:18
LH:17
BRDA:21,0,0,5
BRDA:21,0,1,2
BRDA:24,1,0,1
BRDA:24,1,1,4
BRDA:38,2,0,1
BRDA:38,2,1,0
BRDA:38,3,0,1
BRDA:38,3,1,1
BRDA:45,4,0,1
BRDA:45,4,1,0
BRDA:45,5,0,1
BRDA:45,5,1,1
BRDA:15,6,0,1
BRDA:15,6,1,0
BRDA:15,7,0,1
BRDA:15,7,1,1
BRDA:15,8,0,1
BRDA:15,8,1,0
BRDA:15,9,0,1
BRDA:15,9,1,1
BRF:20
BRH:16
end_of_record
TN:
SF:src/orchestrator/orchestrator.service.ts
FN:13,(anonymous_11)
FN:19,(anonymous_12)
FN:40,(anonymous_13)
FN:107,(anonymous_14)
FN:121,(anonymous_15)
FN:136,(anonymous_16)
FN:157,(anonymous_17)
FN:237,(anonymous_18)
FN:241,(anonymous_19)
FN:249,(anonymous_20)
FN:258,(anonymous_21)
FN:265,(anonymous_22)
FN:272,(anonymous_23)
FN:291,(anonymous_24)
FN:297,(anonymous_25)
FN:304,(anonymous_26)
FNF:16
FNH:8
FNDA:18,(anonymous_11)
FNDA:4,(anonymous_12)
FNDA:5,(anonymous_13)
FNDA:5,(anonymous_14)
FNDA:0,(anonymous_15)
FNDA:0,(anonymous_16)
FNDA:4,(anonymous_17)
FNDA:5,(anonymous_18)
FNDA:5,(anonymous_19)
FNDA:0,(anonymous_20)
FNDA:0,(anonymous_21)
FNDA:0,(anonymous_22)
FNDA:0,(anonymous_23)
FNDA:5,(anonymous_24)
FNDA:0,(anonymous_25)
FNDA:0,(anonymous_26)
DA:1,3
DA:2,3
DA:9,3
DA:14,18
DA:15,18
DA:16,18
DA:20,4
DA:21,4
DA:28,1
DA:30,3
DA:31,2
DA:36,1
DA:41,5
DA:42,5
DA:44,5
DA:97,5
DA:102,5
DA:104,2
DA:111,5
DA:112,5
DA:114,5
DA:115,4
DA:120,4
DA:121,0
DA:122,0
DA:125,4
DA:126,4
DA:127,4
DA:128,4
DA:130,4
DA:136,0
DA:137,0
DA:140,4
DA:147,4
DA:148,2
DA:151,2
DA:154,1
DA:158,4
DA:159,4
DA:161,4
DA:222,4
DA:223,4
DA:228,3
DA:233,1
DA:238,5
DA:239,5
DA:241,5
DA:242,5
DA:243,5
DA:248,4
DA:249,1
DA:250,1
DA:253,3
DA:254,3
DA:255,3
DA:257,3
DA:258,0
DA:259,0
DA:262,3
DA:264,3
DA:265,0
DA:266,0
DA:270,3
DA:271,3
DA:272,0
DA:273,0
DA:276,3
DA:281,3
DA:282,3
DA:289,2
DA:290,2
DA:291,2
DA:292,5
DA:294,2
DA:296,2
DA:297,0
DA:299,2
DA:302,1
DA:303,1
DA:304,0
DA:306,1
DA:311,3
DA:314,0
DA:318,1
DA:319,1
DA:325,5
LF:86
LH:73
BRDA:30,0,0,2
BRDA:30,0,1,1
BRDA:30,1,0,3
BRDA:30,1,1,2
BRDA:120,2,0,0
BRDA:120,2,1,4
BRDA:120,3,0,4
BRDA:120,3,1,4
BRDA:130,4,0,0
BRDA:130,4,1,4
BRDA:131,5,0,4
BRDA:131,5,1,4
BRDA:131,5,2,4
BRDA:131,5,3,4
BRDA:147,6,0,2
BRDA:147,6,1,2
BRDA:148,7,0,2
BRDA:148,7,1,1
BRDA:151,8,0,2
BRDA:151,8,1,0
BRDA:248,9,0,1
BRDA:248,9,1,3
BRDA:248,10,0,4
BRDA:248,10,1,4
BRDA:257,11,0,0
BRDA:257,11,1,3
BRDA:257,12,0,3
BRDA:257,12,1,3
BRDA:264,13,0,0
BRDA:264,13,1,3
BRDA:271,14,0,0
BRDA:271,14,1,3
BRDA:271,15,0,3
BRDA:271,15,1,0
BRDA:276,16,0,3
BRDA:276,16,1,0
BRDA:277,17,0,3
BRDA:277,17,1,3
BRDA:277,17,2,1
BRDA:289,18,0,2
BRDA:289,18,1,0
BRDA:292,19,0,3
BRDA:292,19,1,2
BRDA:296,20,0,0
BRDA:296,20,1,2
BRDA:303,21,0,0
BRDA:303,21,1,1
BRDA:320,22,0,1
BRDA:320,22,1,0
BRF:49
BRH:37
end_of_record
TN:
SF:src/orchestrator/dto/clear-job-orchestrator.dto.ts
FNF:0
FNH:0
DA:1,2
DA:3,2
DA:8,2
LF:3
LH:3
BRF:0
BRH:0
end_of_record
TN:
SF:src/orchestrator/dto/create-run-orchestrator.dto.ts
FNF:0
FNH:0
DA:1,2
DA:3,2
DA:6,2
DA:13,2
LF:4
LH:4
BRF:0
BRH:0
end_of_record
TN:
SF:src/orchestrator/dto/java-orchestrator.dto.ts
FNF:0
FNH:0
DA:1,2
DA:3,2
DA:6,2
LF:3
LH:3
BRF:0
BRH:0
end_of_record
